2022-05-17 13:19:26,658 DEBUG utils.py [111] Параметры запуска не указаны
2022-05-17 13:19:26,776 DEBUG decorator.py [12] "utils.py/check_default_param" Вызывает: "common.utils/is_ip_bad("('',)" {})"; Результат: "False"
2022-05-17 13:19:26,776 DEBUG utils.py [94] Внешний парметр IP не определен, использую (IP=)
2022-05-17 13:19:26,779 DEBUG decorator.py [12] "utils.py/handle_parameters" Вызывает: "common.utils/check_default_param("({'-a': ['', <function log.<locals>.decor at 0x0000012DC031D040>, '', 'IP'], '-p': [None, <function log.<locals>.decor at 0x0000012DC031D160>, '7777', 'PORT'], '-name': [None, <function log.<locals>.decor at 0x0000012DC031D280>, None, 'NAME'], '-pwd': [None, <function log.<locals>.decor at 0x0000012DC031D280>, None, 'PWD']}, '-a')" {})"; Результат: "None"
2022-05-17 13:19:26,783 DEBUG decorator.py [12] "utils.py/check_default_param" Вызывает: "common.utils/is_port_bad("('7777',)" {})"; Результат: "False"
2022-05-17 13:19:26,784 DEBUG utils.py [94] Внешний парметр PORT не определен, использую (PORT=7777)
2022-05-17 13:19:26,786 DEBUG decorator.py [12] "utils.py/handle_parameters" Вызывает: "common.utils/check_default_param("({'-a': ['', <function log.<locals>.decor at 0x0000012DC031D040>, '', 'IP'], '-p': ['7777', <function log.<locals>.decor at 0x0000012DC031D160>, '7777', 'PORT'], '-name': [None, <function log.<locals>.decor at 0x0000012DC031D280>, None, 'NAME'], '-pwd': [None, <function log.<locals>.decor at 0x0000012DC031D280>, None, 'PWD']}, '-p')" {})"; Результат: "None"
2022-05-17 13:19:26,790 DEBUG decorator.py [12] "utils.py/check_default_param" Вызывает: "common.utils/is_name_bad("(None,)" {})"; Результат: "False"
2022-05-17 13:19:26,790 DEBUG utils.py [94] Внешний парметр NAME не определен, использую (NAME=None)
2022-05-17 13:19:26,792 DEBUG decorator.py [12] "utils.py/handle_parameters" Вызывает: "common.utils/check_default_param("({'-a': ['', <function log.<locals>.decor at 0x0000012DC031D040>, '', 'IP'], '-p': ['7777', <function log.<locals>.decor at 0x0000012DC031D160>, '7777', 'PORT'], '-name': [None, <function log.<locals>.decor at 0x0000012DC031D280>, None, 'NAME'], '-pwd': [None, <function log.<locals>.decor at 0x0000012DC031D280>, None, 'PWD']}, '-name')" {})"; Результат: "None"
2022-05-17 13:19:26,796 DEBUG decorator.py [12] "utils.py/check_default_param" Вызывает: "common.utils/is_name_bad("(None,)" {})"; Результат: "False"
2022-05-17 13:19:26,796 DEBUG utils.py [94] Внешний парметр PWD не определен, использую (PWD=None)
2022-05-17 13:19:26,798 DEBUG decorator.py [12] "utils.py/handle_parameters" Вызывает: "common.utils/check_default_param("({'-a': ['', <function log.<locals>.decor at 0x0000012DC031D040>, '', 'IP'], '-p': ['7777', <function log.<locals>.decor at 0x0000012DC031D160>, '7777', 'PORT'], '-name': [None, <function log.<locals>.decor at 0x0000012DC031D280>, None, 'NAME'], '-pwd': [None, <function log.<locals>.decor at 0x0000012DC031D280>, None, 'PWD']}, '-pwd')" {})"; Результат: "None"
2022-05-17 13:19:26,798 DEBUG utils.py [124] Использую: IP=ANY PORT=7777 NAME=ANY PWD=ANY
2022-05-17 13:19:26,800 DEBUG decorator.py [12] "server.py/main" Вызывает: "common.utils/handle_parameters("('', '7777')" {})"; Результат: "('', 7777, None, None)"
2022-05-17 13:19:27,177 INFO server_core.py [101] ========================================[ SERVER LOG START TIME: Tue, 17 May 2022 13:19:27 ]========================================
2022-05-17 13:19:27,177 INFO server_core.py [104] Сервер запущен. Слушаю IP:ANY PORT:7777
2022-05-17 13:20:39,741 DEBUG utils.py [111] Параметры запуска не указаны
2022-05-17 13:20:39,854 DEBUG decorator.py [12] "utils.py/check_default_param" Вызывает: "common.utils/is_ip_bad("('',)" {})"; Результат: "False"
2022-05-17 13:20:39,854 DEBUG utils.py [94] Внешний парметр IP не определен, использую (IP=)
2022-05-17 13:20:39,856 DEBUG decorator.py [12] "utils.py/handle_parameters" Вызывает: "common.utils/check_default_param("({'-a': ['', <function log.<locals>.decor at 0x00000256BCDE3790>, '', 'IP'], '-p': [None, <function log.<locals>.decor at 0x00000256BCDE38B0>, '7777', 'PORT'], '-name': [None, <function log.<locals>.decor at 0x00000256BCDE39D0>, None, 'NAME'], '-pwd': [None, <function log.<locals>.decor at 0x00000256BCDE39D0>, None, 'PWD']}, '-a')" {})"; Результат: "None"
2022-05-17 13:20:39,860 DEBUG decorator.py [12] "utils.py/check_default_param" Вызывает: "common.utils/is_port_bad("('7777',)" {})"; Результат: "False"
2022-05-17 13:20:39,860 DEBUG utils.py [94] Внешний парметр PORT не определен, использую (PORT=7777)
2022-05-17 13:20:39,863 DEBUG decorator.py [12] "utils.py/handle_parameters" Вызывает: "common.utils/check_default_param("({'-a': ['', <function log.<locals>.decor at 0x00000256BCDE3790>, '', 'IP'], '-p': ['7777', <function log.<locals>.decor at 0x00000256BCDE38B0>, '7777', 'PORT'], '-name': [None, <function log.<locals>.decor at 0x00000256BCDE39D0>, None, 'NAME'], '-pwd': [None, <function log.<locals>.decor at 0x00000256BCDE39D0>, None, 'PWD']}, '-p')" {})"; Результат: "None"
2022-05-17 13:20:39,866 DEBUG decorator.py [12] "utils.py/check_default_param" Вызывает: "common.utils/is_name_bad("(None,)" {})"; Результат: "False"
2022-05-17 13:20:39,866 DEBUG utils.py [94] Внешний парметр NAME не определен, использую (NAME=None)
2022-05-17 13:20:39,868 DEBUG decorator.py [12] "utils.py/handle_parameters" Вызывает: "common.utils/check_default_param("({'-a': ['', <function log.<locals>.decor at 0x00000256BCDE3790>, '', 'IP'], '-p': ['7777', <function log.<locals>.decor at 0x00000256BCDE38B0>, '7777', 'PORT'], '-name': [None, <function log.<locals>.decor at 0x00000256BCDE39D0>, None, 'NAME'], '-pwd': [None, <function log.<locals>.decor at 0x00000256BCDE39D0>, None, 'PWD']}, '-name')" {})"; Результат: "None"
2022-05-17 13:20:39,872 DEBUG decorator.py [12] "utils.py/check_default_param" Вызывает: "common.utils/is_name_bad("(None,)" {})"; Результат: "False"
2022-05-17 13:20:39,872 DEBUG utils.py [94] Внешний парметр PWD не определен, использую (PWD=None)
2022-05-17 13:20:39,874 DEBUG decorator.py [12] "utils.py/handle_parameters" Вызывает: "common.utils/check_default_param("({'-a': ['', <function log.<locals>.decor at 0x00000256BCDE3790>, '', 'IP'], '-p': ['7777', <function log.<locals>.decor at 0x00000256BCDE38B0>, '7777', 'PORT'], '-name': [None, <function log.<locals>.decor at 0x00000256BCDE39D0>, None, 'NAME'], '-pwd': [None, <function log.<locals>.decor at 0x00000256BCDE39D0>, None, 'PWD']}, '-pwd')" {})"; Результат: "None"
2022-05-17 13:20:39,874 DEBUG utils.py [124] Использую: IP=ANY PORT=7777 NAME=ANY PWD=ANY
2022-05-17 13:20:39,876 DEBUG decorator.py [12] "server.py/main" Вызывает: "common.utils/handle_parameters("('', '7777')" {})"; Результат: "('', 7777, None, None)"
2022-05-17 13:20:39,954 INFO server_core.py [101] ========================================[ SERVER LOG START TIME: Tue, 17 May 2022 13:20:39 ]========================================
2022-05-17 13:20:39,954 INFO server_core.py [104] Сервер запущен. Слушаю IP:ANY PORT:7777
2022-05-17 14:01:11,357 DEBUG utils.py [111] Параметры запуска не указаны
2022-05-17 14:01:11,468 DEBUG decorator.py [12] "utils.py/check_default_param" Вызывает: "common.utils/is_ip_bad("('',)" {})"; Результат: "False"
2022-05-17 14:01:11,469 DEBUG utils.py [94] Внешний парметр IP не определен, использую (IP=)
2022-05-17 14:01:11,472 DEBUG decorator.py [12] "utils.py/handle_parameters" Вызывает: "common.utils/check_default_param("({'-a': ['', <function log.<locals>.decor at 0x000001CF2B223790>, '', 'IP'], '-p': [None, <function log.<locals>.decor at 0x000001CF2B2238B0>, '7777', 'PORT'], '-name': [None, <function log.<locals>.decor at 0x000001CF2B2239D0>, None, 'NAME'], '-pwd': [None, <function log.<locals>.decor at 0x000001CF2B2239D0>, None, 'PWD']}, '-a')" {})"; Результат: "None"
2022-05-17 14:01:11,476 DEBUG decorator.py [12] "utils.py/check_default_param" Вызывает: "common.utils/is_port_bad("('7777',)" {})"; Результат: "False"
2022-05-17 14:01:11,476 DEBUG utils.py [94] Внешний парметр PORT не определен, использую (PORT=7777)
2022-05-17 14:01:11,478 DEBUG decorator.py [12] "utils.py/handle_parameters" Вызывает: "common.utils/check_default_param("({'-a': ['', <function log.<locals>.decor at 0x000001CF2B223790>, '', 'IP'], '-p': ['7777', <function log.<locals>.decor at 0x000001CF2B2238B0>, '7777', 'PORT'], '-name': [None, <function log.<locals>.decor at 0x000001CF2B2239D0>, None, 'NAME'], '-pwd': [None, <function log.<locals>.decor at 0x000001CF2B2239D0>, None, 'PWD']}, '-p')" {})"; Результат: "None"
2022-05-17 14:01:11,481 DEBUG decorator.py [12] "utils.py/check_default_param" Вызывает: "common.utils/is_name_bad("(None,)" {})"; Результат: "False"
2022-05-17 14:01:11,481 DEBUG utils.py [94] Внешний парметр NAME не определен, использую (NAME=None)
2022-05-17 14:01:11,484 DEBUG decorator.py [12] "utils.py/handle_parameters" Вызывает: "common.utils/check_default_param("({'-a': ['', <function log.<locals>.decor at 0x000001CF2B223790>, '', 'IP'], '-p': ['7777', <function log.<locals>.decor at 0x000001CF2B2238B0>, '7777', 'PORT'], '-name': [None, <function log.<locals>.decor at 0x000001CF2B2239D0>, None, 'NAME'], '-pwd': [None, <function log.<locals>.decor at 0x000001CF2B2239D0>, None, 'PWD']}, '-name')" {})"; Результат: "None"
2022-05-17 14:01:11,488 DEBUG decorator.py [12] "utils.py/check_default_param" Вызывает: "common.utils/is_name_bad("(None,)" {})"; Результат: "False"
2022-05-17 14:01:11,488 DEBUG utils.py [94] Внешний парметр PWD не определен, использую (PWD=None)
2022-05-17 14:01:11,490 DEBUG decorator.py [12] "utils.py/handle_parameters" Вызывает: "common.utils/check_default_param("({'-a': ['', <function log.<locals>.decor at 0x000001CF2B223790>, '', 'IP'], '-p': ['7777', <function log.<locals>.decor at 0x000001CF2B2238B0>, '7777', 'PORT'], '-name': [None, <function log.<locals>.decor at 0x000001CF2B2239D0>, None, 'NAME'], '-pwd': [None, <function log.<locals>.decor at 0x000001CF2B2239D0>, None, 'PWD']}, '-pwd')" {})"; Результат: "None"
2022-05-17 14:01:11,491 DEBUG utils.py [124] Использую: IP=ANY PORT=7777 NAME=ANY PWD=ANY
2022-05-17 14:01:11,492 DEBUG decorator.py [12] "server.py/main" Вызывает: "common.utils/handle_parameters("('', '7777')" {})"; Результат: "('', 7777, None, None)"
2022-05-17 14:01:11,565 INFO server_core.py [101] ========================================[ SERVER LOG START TIME: Tue, 17 May 2022 14:01:11 ]========================================
2022-05-17 14:01:11,566 INFO server_core.py [104] Сервер запущен. Слушаю IP:ANY PORT:7777
